app/build/outputs/logs/manifest-merger-debug-report.txt
-- Merging decision tree log ---
manifest
ADDED from src\main\AndroidManifest.xml:2:1-160:12
INJECTED from src\main\AndroidManifest.xml:2:1-160:12
INJECTED from src\main\AndroidManifest.xml:2:1-160:12
INJECTED from src\main\AndroidManifest.xml:2:1-160:12
MERGED from [net.vrallev.android:cat:1.0.5] AndroidManifest.xml:2:1-11:12
MERGED from [com.android.support:design:28.0.0] AndroidManifest.xml:17:1-24:12
MERGED from [com.dinuscxj:circleprogressbar:1.1.1] AndroidManifest.xml:2:1-16:12
MERGED from [:lc] AndroidManifest.xml:2:1-46:12
MERGED from [:spreadtrum] AndroidManifest.xml:2:1-27:12
MERGED from [com.android.support:appcompat-v7:28.0.0] AndroidManifest.xml:17:1-22:12
MERGED from [com.android.support.constraint:constraint-layout:1.0.2] AndroidManifest.xml:2:1-11:12
MERGED from [com.twofortyfouram:android-plugin-client-sdk-for-locale:4.0.3] AndroidManifest.xml:2:1-14:12
MERGED from [com.android.support:support-fragment:28.0.0] AndroidManifest.xml:17:1-22:12
MERGED from [com.android.support:animated-vector-drawable:28.0.0] AndroidManifest.xml:17:1-22:12
MERGED from [com.android.support:recyclerview-v7:28.0.0] AndroidManifest.xml:17:1-22:12
MERGED from [com.android.support:support-core-ui:28.0.0] AndroidManifest.xml:17:1-22:12
MERGED from [com.android.support:support-core-utils:28.0.0] AndroidManifest.xml:17:1-22:12
MERGED from [com.android.support:support-vector-drawable:28.0.0] AndroidManifest.xml:17:1-22:12
MERGED from [com.android.support:transition:28.0.0] AndroidManifest.xml:17:1-22:12
MERGED from [com.android.support:loader:28.0.0] AndroidManifest.xml:17:1-22:12
MERGED from [com.android.support:viewpager:28.0.0] AndroidManifest.xml:17:1-22:12
MERGED from [com.android.support:coordinatorlayout:28.0.0] AndroidManifest.xml:17:1-22:12
MERGED from [com.android.support:drawerlayout:28.0.0] AndroidManifest.xml:17:1-22:12
MERGED from [com.android.support:slidingpanelayout:28.0.0] AndroidManifest.xml:17:1-22:12
MERGED from [com.android.support:customview:28.0.0] AndroidManifest.xml:17:1-22:12
MERGED from [com.android.support:swiperefreshlayout:28.0.0] AndroidManifest.xml:17:1-22:12
MERGED from [com.android.support:asynclayoutinflater:28.0.0] AndroidManifest.xml:17:1-22:12
MERGED from [com.android.support:support-compat:28.0.0] AndroidManifest.xml:17:1-24:12
MERGED from [com.android.support:versionedparcelable:28.0.0] AndroidManifest.xml:17:1-25:12
MERGED from [com.android.support:cursoradapter:28.0.0] AndroidManifest.xml:17:1-22:12
MERGED from [com.android.support:cardview-v7:28.0.0] AndroidManifest.xml:17:1-22:12
MERGED from [com.twofortyfouram:android-spackle:2.0.3] AndroidManifest.xml:2:1-14:12
MERGED from [com.twofortyfouram:android-assertion:1.2.0] AndroidManifest.xml:17:1-28:12
MERGED from [com.twofortyfouram:android-plugin-api-for-locale:1.0.4] AndroidManifest.xml:2:1-14:12
MERGED from [android.arch.lifecycle:runtime:1.1.1] AndroidManifest.xml:17:1-22:12
MERGED from [com.android.support:documentfile:28.0.0] AndroidManifest.xml:17:1-22:12
MERGED from [com.android.support:localbroadcastmanager:28.0.0] AndroidManifest.xml:17:1-22:12
MERGED from [com.android.support:print:28.0.0] AndroidManifest.xml:17:1-22:12
MERGED from [android.arch.lifecycle:viewmodel:1.1.1] AndroidManifest.xml:17:1-22:12
MERGED from [com.android.support:interpolator:28.0.0] AndroidManifest.xml:17:1-22:12
MERGED from [android.arch.lifecycle:livedata:1.1.1] AndroidManifest.xml:17:1-22:12
MERGED from [android.arch.lifecycle:livedata-core:1.1.1] AndroidManifest.xml:17:1-22:12
MERGED from [android.arch.core:runtime:1.1.1] AndroidManifest.xml:17:1-22:12
MERGED from [com.twofortyfouram:android-annotation:2.0.1] AndroidManifest.xml:2:1-12:12
INJECTED from src\main\AndroidManifest.xml:2:1-160:12
INJECTED from src\main\AndroidManifest.xml:2:1-160:12
INJECTED from src\main\AndroidManifest.xml:2:1-160:12
	package
		ADDED from src\main\AndroidManifest.xml:4:5-27
		INJECTED from src\main\AndroidManifest.xml
		INJECTED from src\main\AndroidManifest.xml
	android:versionName
		ADDED from src\main\AndroidManifest.xml:3:5-32
		INJECTED from src\main\AndroidManifest.xml
		INJECTED from src\main\AndroidManifest.xml
	android:versionCode
		INJECTED from src\main\AndroidManifest.xml
		ADDED from src\main\AndroidManifest.xml:2:1-160:12
		INJECTED from src\main\AndroidManifest.xml
	xmlns:android
		ADDED from src\main\AndroidManifest.xml:2:11-69
uses-feature#android.hardware.camera
ADDED from src\main\AndroidManifest.xml:7:5-60
	android:name
		ADDED from src\main\AndroidManifest.xml:7:19-57
uses-feature#android.hardware.camera.autofocus
ADDED from src\main\AndroidManifest.xml:8:5-70
	android:name
		ADDED from src\main\AndroidManifest.xml:8:19-67
uses-permission#android.permission.WRITE_EXTERNAL_STORAGE
ADDED from src\main\AndroidManifest.xml:10:5-81
	android:name
		ADDED from src\main\AndroidManifest.xml:10:22-78
uses-permission#android.permission.READ_EXTERNAL_STORAGE
ADDED from src\main\AndroidManifest.xml:11:5-80
	android:name
		ADDED from src\main\AndroidManifest.xml:11:22-77
uses-permission#android.permission.CAMERA
ADDED from src\main\AndroidManifest.xml:12:5-65
	android:name
		ADDED from src\main\AndroidManifest.xml:12:22-62
uses-permission#android.permission.RECORD_AUDIO
ADDED from src\main\AndroidManifest.xml:13:5-71
	android:name
		ADDED from src\main\AndroidManifest.xml:13:22-68
uses-permission#android.permission.FLASHLIGHT
ADDED from src\main\AndroidManifest.xml:14:5-69
	android:name
		ADDED from src\main\AndroidManifest.xml:14:22-66
uses-permission#android.permission.ACCESS_NETWORK_STATE
ADDED from src\main\AndroidManifest.xml:15:5-79
MERGED from [:lc] AndroidManifest.xml:12:5-13:23
MERGED from [:lc] AndroidManifest.xml:12:5-13:23
	android:name
		ADDED from src\main\AndroidManifest.xml:15:22-76
uses-permission#android.permission.CHANGE_WIFI_STATE
ADDED from src\main\AndroidManifest.xml:16:5-76
	android:name
		ADDED from src\main\AndroidManifest.xml:16:22-73
uses-permission#android.permission.CHANGE_WIFI_MULTICAST_STATE
ADDED from src\main\AndroidManifest.xml:17:5-86
	android:name
		ADDED from src\main\AndroidManifest.xml:17:22-83
uses-permission#android.permission.INTERNET
ADDED from src\main\AndroidManifest.xml:18:5-67
	android:name
		ADDED from src\main\AndroidManifest.xml:18:22-64
uses-permission#android.permission.WAKE_LOCK
ADDED from src\main\AndroidManifest.xml:19:5-68
	android:name
		ADDED from src\main\AndroidManifest.xml:19:22-65
uses-permission#android.permission.ACCESS_WIFI_STATE
ADDED from src\main\AndroidManifest.xml:20:5-76
	android:name
		ADDED from src\main\AndroidManifest.xml:20:22-73
uses-permission#android.permission.WRITE_SETTINGS
ADDED from src\main\AndroidManifest.xml:21:5-73
	android:name
		ADDED from src\main\AndroidManifest.xml:21:22-70
uses-permission#android.permission.READ_PHONE_STATE
ADDED from src\main\AndroidManifest.xml:22:5-75
MERGED from [:lc] AndroidManifest.xml:14:5-75
MERGED from [:lc] AndroidManifest.xml:14:5-75
	android:name
		ADDED from src\main\AndroidManifest.xml:22:22-72
application
ADDED from src\main\AndroidManifest.xml:26:5-158:19
MERGED from [com.android.support:design:28.0.0] AndroidManifest.xml:22:5-20
MERGED from [com.android.support:design:28.0.0] AndroidManifest.xml:22:5-20
MERGED from [com.dinuscxj:circleprogressbar:1.1.1] AndroidManifest.xml:11:5-14:19
MERGED from [com.dinuscxj:circleprogressbar:1.1.1] AndroidManifest.xml:11:5-14:19
MERGED from [:lc] AndroidManifest.xml:19:5-44:19
MERGED from [:lc] AndroidManifest.xml:19:5-44:19
MERGED from [:spreadtrum] AndroidManifest.xml:11:5-25:19
MERGED from [:spreadtrum] AndroidManifest.xml:11:5-25:19
MERGED from [com.android.support.constraint:constraint-layout:1.0.2] AndroidManifest.xml:9:5-20
MERGED from [com.android.support.constraint:constraint-layout:1.0.2] AndroidManifest.xml:9:5-20
MERGED from [com.twofortyfouram:android-plugin-client-sdk-for-locale:4.0.3] AndroidManifest.xml:12:5-20
MERGED from [com.twofortyfouram:android-plugin-client-sdk-for-locale:4.0.3] AndroidManifest.xml:12:5-20
MERGED from [com.android.support:support-compat:28.0.0] AndroidManifest.xml:22:5-94
MERGED from [com.android.support:support-compat:28.0.0] AndroidManifest.xml:22:5-94
MERGED from [com.android.support:versionedparcelable:28.0.0] AndroidManifest.xml:22:5-23:19
MERGED from [com.android.support:versionedparcelable:28.0.0] AndroidManifest.xml:22:5-23:19
MERGED from [com.twofortyfouram:android-spackle:2.0.3] AndroidManifest.xml:12:5-20
MERGED from [com.twofortyfouram:android-spackle:2.0.3] AndroidManifest.xml:12:5-20
MERGED from [com.twofortyfouram:android-assertion:1.2.0] AndroidManifest.xml:26:5-20
MERGED from [com.twofortyfouram:android-assertion:1.2.0] AndroidManifest.xml:26:5-20
MERGED from [com.twofortyfouram:android-plugin-api-for-locale:1.0.4] AndroidManifest.xml:12:5-20
MERGED from [com.twofortyfouram:android-plugin-api-for-locale:1.0.4] AndroidManifest.xml:12:5-20
	android:appComponentFactory
		ADDED from [com.android.support:support-compat:28.0.0] AndroidManifest.xml:22:18-91
	android:supportsRtl
		ADDED from src\main\AndroidManifest.xml:32:9-35
	android:label
		ADDED from src\main\AndroidManifest.xml:30:9-41
	android:excludeFromRecents
		ADDED from src\main\AndroidManifest.xml:31:9-42
	android:icon
		ADDED from src\main\AndroidManifest.xml:29:9-43
	android:allowBackup
		ADDED from src\main\AndroidManifest.xml:28:9-35
	android:theme
		ADDED from src\main\AndroidManifest.xml:33:9-40
	android:name
		ADDED from src\main\AndroidManifest.xml:27:9-40
activity#com.pandroid.main.MainActivity
ADDED from src\main\AndroidManifest.xml:35:9-42:20
	android:name
		ADDED from src\main\AndroidManifest.xml:35:19-64
intent-filter#action:name:android.intent.action.MAIN+category:name:android.intent.category.LAUNCHER
ADDED from src\main\AndroidManifest.xml:36:13-41:29
action#android.intent.action.MAIN
ADDED from src\main\AndroidManifest.xml:37:17-69
	android:name
		ADDED from src\main\AndroidManifest.xml:37:25-66
category#android.intent.category.LAUNCHER
ADDED from src\main\AndroidManifest.xml:40:17-77
	android:name
		ADDED from src\main\AndroidManifest.xml:40:27-74
activity#com.pandroid.message.MainActivity_Camera
ADDED from src\main\AndroidManifest.xml:44:9-48:20
	android:name
		ADDED from src\main\AndroidManifest.xml:44:19-74
intent-filter#category:name:android.intent.category.DEFAULT
ADDED from src\main\AndroidManifest.xml:45:13-47:29
category#android.intent.category.DEFAULT
ADDED from src\main\AndroidManifest.xml:46:17-76
	android:name
		ADDED from src\main\AndroidManifest.xml:46:27-73
activity#com.pandroid.main.PermissionsActivity
ADDED from src\main\AndroidManifest.xml:50:9-58:20
	android:parentActivityName
		ADDED from src\main\AndroidManifest.xml:54:13-72
	android:label
		ADDED from src\main\AndroidManifest.xml:52:13-45
	android:configChanges
		ADDED from src\main\AndroidManifest.xml:53:13-74
	android:name
		ADDED from src\main\AndroidManifest.xml:51:13-65
meta-data#android.support.PARENT_ACTIVITY
ADDED from src\main\AndroidManifest.xml:55:13-57:66
	android:value
		ADDED from src\main\AndroidManifest.xml:57:17-63
	android:name
		ADDED from src\main\AndroidManifest.xml:56:17-63
activity#com.pandroid.message.FightListPreferenceActivity
ADDED from src\main\AndroidManifest.xml:60:9-64:20
	android:name
		ADDED from src\main\AndroidManifest.xml:60:19-82
activity#com.pandroid.ftp.swiftp.gui.MainActivity_Ftp
ADDED from src\main\AndroidManifest.xml:65:9-74:20
	android:theme
		ADDED from src\main\AndroidManifest.xml:67:13-48
	android:name
		ADDED from src\main\AndroidManifest.xml:66:13-72
intent-filter#category:name:android.intent.category.LAUNCHER
ADDED from src\main\AndroidManifest.xml:68:13-73:29
activity#com.pandroid.ftp.ftp4j_client.FtpMainActivity
ADDED from src\main\AndroidManifest.xml:76:9-84:20
	android:label
		ADDED from src\main\AndroidManifest.xml:78:13-56
	android:name
		ADDED from src\main\AndroidManifest.xml:77:13-73
service#com.pandroid.ftp.swiftp.FsService
ADDED from src\main\AndroidManifest.xml:86:9-69
	android:name
		ADDED from src\main\AndroidManifest.xml:86:18-66
receiver#com.pandroid.ftp.swiftp.gui.FsNotification
ADDED from src\main\AndroidManifest.xml:87:9-94:20
	android:exported
		ADDED from src\main\AndroidManifest.xml:89:13-37
	android:name
		ADDED from src\main\AndroidManifest.xml:88:13-70
intent-filter#action:name:be.ppareit.swiftp.FTPSERVER_STARTED+action:name:be.ppareit.swiftp.FTPSERVER_STOPPED
ADDED from src\main\AndroidManifest.xml:90:13-93:29
action#be.ppareit.swiftp.FTPSERVER_STARTED
ADDED from src\main\AndroidManifest.xml:91:17-78
	android:name
		ADDED from src\main\AndroidManifest.xml:91:25-75
action#be.ppareit.swiftp.FTPSERVER_STOPPED
ADDED from src\main\AndroidManifest.xml:92:17-78
	android:name
		ADDED from src\main\AndroidManifest.xml:92:25-75
service#com.pandroid.ftp.swiftp.NsdService
ADDED from src\main\AndroidManifest.xml:96:9-70
	android:name
		ADDED from src\main\AndroidManifest.xml:96:18-67
receiver#com.pandroid.ftp.swiftp.NsdService$StartStopReceiver
ADDED from src\main\AndroidManifest.xml:97:9-104:20
	android:exported
		ADDED from src\main\AndroidManifest.xml:99:13-37
	android:name
		ADDED from src\main\AndroidManifest.xml:98:13-80
receiver#com.pandroid.ftp.swiftp.RequestStartStopReceiver
ADDED from src\main\AndroidManifest.xml:106:9-113:20
	android:exported
		ADDED from src\main\AndroidManifest.xml:108:13-36
	android:name
		ADDED from src\main\AndroidManifest.xml:107:13-76
intent-filter#action:name:be.ppareit.swiftp.ACTION_START_FTPSERVER+action:name:be.ppareit.swiftp.ACTION_STOP_FTPSERVER
ADDED from src\main\AndroidManifest.xml:109:13-112:29
action#be.ppareit.swiftp.ACTION_START_FTPSERVER
ADDED from src\main\AndroidManifest.xml:110:17-83
	android:name
		ADDED from src\main\AndroidManifest.xml:110:25-80
action#be.ppareit.swiftp.ACTION_STOP_FTPSERVER
ADDED from src\main\AndroidManifest.xml:111:17-82
	android:name
		ADDED from src\main\AndroidManifest.xml:111:25-79
receiver#com.pandroid.ftp.swiftp.WifiStateChangeReceiver
ADDED from src\main\AndroidManifest.xml:115:9-119:20
	android:name
		ADDED from src\main\AndroidManifest.xml:115:19-81
intent-filter#action:name:android.net.wifi.STATE_CHANGE
ADDED from src\main\AndroidManifest.xml:116:13-118:29
action#android.net.wifi.STATE_CHANGE
ADDED from src\main\AndroidManifest.xml:117:17-72
	android:name
		ADDED from src\main\AndroidManifest.xml:117:25-69
service#com.pandroid.ftp.swiftp.WifiStateChangeReceiver$StartServerService
ADDED from src\main\AndroidManifest.xml:121:9-102
	android:name
		ADDED from src\main\AndroidManifest.xml:121:18-99
service#com.pandroid.ftp.swiftp.WifiStateChangeReceiver$StopServerService
ADDED from src\main\AndroidManifest.xml:122:9-101
	android:name
		ADDED from src\main\AndroidManifest.xml:122:18-98
receiver#com.pandroid.ftp.swiftp.gui.FsWidgetProvider
ADDED from src\main\AndroidManifest.xml:124:9-137:20
	android:label
		ADDED from src\main\AndroidManifest.xml:128:13-48
	android:exported
		ADDED from src\main\AndroidManifest.xml:126:13-37
	android:icon
		ADDED from src\main\AndroidManifest.xml:127:13-44
	android:name
		ADDED from src\main\AndroidManifest.xml:125:13-72
intent-filter#action:name:android.appwidget.action.APPWIDGET_UPDATE+action:name:be.ppareit.swiftp.FTPSERVER_STARTED+action:name:be.ppareit.swiftp.FTPSERVER_STOPPED
ADDED from src\main\AndroidManifest.xml:129:13-133:29
action#android.appwidget.action.APPWIDGET_UPDATE
ADDED from src\main\AndroidManifest.xml:130:17-84
	android:name
		ADDED from src\main\AndroidManifest.xml:130:25-81
meta-data#android.appwidget.provider
ADDED from src\main\AndroidManifest.xml:134:13-136:55
	android:resource
		ADDED from src\main\AndroidManifest.xml:136:17-52
	android:name
		ADDED from src\main\AndroidManifest.xml:135:17-58
service#com.pandroid.ftp.swiftp.gui.FsWidgetProvider$UpdateService
ADDED from src\main\AndroidManifest.xml:139:9-94
	android:name
		ADDED from src\main\AndroidManifest.xml:139:18-91
activity#com.pandroid.socket.ASocketActivity
ADDED from src\main\AndroidManifest.xml:141:9-149:20
	android:label
		ADDED from src\main\AndroidManifest.xml:143:13-35
	android:name
		ADDED from src\main\AndroidManifest.xml:142:13-63
activity#com.pandroid.luce.CellSettingMainActivity
ADDED from src\main\AndroidManifest.xml:150:9-157:20
	android:name
		ADDED from src\main\AndroidManifest.xml:150:19-75
intent-filter#category:name:android.intent.category.DEFAULT+category:name:android.intent.category.HOME+category:name:android.intent.category.LAUNCHER
ADDED from src\main\AndroidManifest.xml:151:13-156:29
category#android.intent.category.HOME
ADDED from src\main\AndroidManifest.xml:153:17-73
	android:name
		ADDED from src\main\AndroidManifest.xml:153:27-70
uses-sdk
INJECTED from src\main\AndroidManifest.xml reason: use-sdk injection requested
INJECTED from src\main\AndroidManifest.xml
INJECTED from src\main\AndroidManifest.xml
MERGED from [net.vrallev.android:cat:1.0.5] AndroidManifest.xml:7:5-9:41
MERGED from [net.vrallev.android:cat:1.0.5] AndroidManifest.xml:7:5-9:41
MERGED from [com.android.support:design:28.0.0] AndroidManifest.xml:20:5-44
MERGED from [com.android.support:design:28.0.0] AndroidManifest.xml:20:5-44
MERGED from [com.dinuscxj:circleprogressbar:1.1.1] AndroidManifest.xml:7:5-9:41
MERGED from [com.dinuscxj:circleprogressbar:1.1.1] AndroidManifest.xml:7:5-9:41
MERGED from [:lc] AndroidManifest.xml:7:5-9:41
MERGED from [:lc] AndroidManifest.xml:7:5-9:41
MERGED from [:spreadtrum] AndroidManifest.xml:7:5-9:41
MERGED from [:spreadtrum] AndroidManifest.xml:7:5-9:41
MERGED from [com.android.support:appcompat-v7:28.0.0] AndroidManifest.xml:20:5-44
MERGED from [com.android.support:appcompat-v7:28.0.0] AndroidManifest.xml:20:5-44
MERGED from [com.android.support.constraint:constraint-layout:1.0.2] AndroidManifest.xml:5:5-7:41
MERGED from [com.android.support.constraint:constraint-layout:1.0.2] AndroidManifest.xml:5:5-7:41
MERGED from [com.twofortyfouram:android-plugin-client-sdk-for-locale:4.0.3] AndroidManifest.xml:7:5-10:267
MERGED from [com.twofortyfouram:android-plugin-client-sdk-for-locale:4.0.3] AndroidManifest.xml:7:5-10:267
MERGED from [com.android.support:support-fragment:28.0.0] AndroidManifest.xml:20:5-44
MERGED from [com.android.support:support-fragment:28.0.0] AndroidManifest.xml:20:5-44
MERGED from [com.android.support:animated-vector-drawable:28.0.0] AndroidManifest.xml:20:5-44
MERGED from [com.android.support:animated-vector-drawable:28.0.0] AndroidManifest.xml:20:5-44
MERGED from [com.android.support:recyclerview-v7:28.0.0] AndroidManifest.xml:20:5-44
MERGED from [com.android.support:recyclerview-v7:28.0.0] AndroidManifest.xml:20:5-44
MERGED from [com.android.support:support-core-ui:28.0.0] AndroidManifest.xml:20:5-44
MERGED from [com.android.support:support-core-ui:28.0.0] AndroidManifest.xml:20:5-44
MERGED from [com.android.support:support-core-utils:28.0.0] AndroidManifest.xml:20:5-44
MERGED from [com.android.support:support-core-utils:28.0.0] AndroidManifest.xml:20:5-44
MERGED from [com.android.support:support-vector-drawable:28.0.0] AndroidManifest.xml:20:5-44
MERGED from [com.android.support:support-vector-drawable:28.0.0] AndroidManifest.xml:20:5-44
MERGED from [com.android.support:transition:28.0.0] AndroidManifest.xml:20:5-44
MERGED from [com.android.support:transition:28.0.0] AndroidManifest.xml:20:5-44
MERGED from [com.android.support:loader:28.0.0] AndroidManifest.xml:20:5-44
MERGED from [com.android.support:loader:28.0.0] AndroidManifest.xml:20:5-44
MERGED from [com.android.support:viewpager:28.0.0] AndroidManifest.xml:20:5-44
MERGED from [com.android.support:viewpager:28.0.0] AndroidManifest.xml:20:5-44
MERGED from [com.android.support:coordinatorlayout:28.0.0] AndroidManifest.xml:20:5-44
MERGED from [com.android.support:coordinatorlayout:28.0.0] AndroidManifest.xml:20:5-44
MERGED from [com.android.support:drawerlayout:28.0.0] AndroidManifest.xml:20:5-44
MERGED from [com.android.support:drawerlayout:28.0.0] AndroidManifest.xml:20:5-44
MERGED from [com.android.support:slidingpanelayout:28.0.0] AndroidManifest.xml:20:5-44
MERGED from [com.android.support:slidingpanelayout:28.0.0] AndroidManifest.xml:20:5-44
MERGED from [com.android.support:customview:28.0.0] AndroidManifest.xml:20:5-44
MERGED from [com.android.support:customview:28.0.0] AndroidManifest.xml:20:5-44
MERGED from [com.android.support:swiperefreshlayout:28.0.0] AndroidManifest.xml:20:5-44
MERGED from [com.android.support:swiperefreshlayout:28.0.0] AndroidManifest.xml:20:5-44
MERGED from [com.android.support:asynclayoutinflater:28.0.0] AndroidManifest.xml:20:5-44
MERGED from [com.android.support:asynclayoutinflater:28.0.0] AndroidManifest.xml:20:5-44
MERGED from [com.android.support:support-compat:28.0.0] AndroidManifest.xml:20:5-44
MERGED from [com.android.support:support-compat:28.0.0] AndroidManifest.xml:20:5-44
MERGED from [com.android.support:versionedparcelable:28.0.0] AndroidManifest.xml:20:5-44
MERGED from [com.android.support:versionedparcelable:28.0.0] AndroidManifest.xml:20:5-44
MERGED from [com.android.support:cursoradapter:28.0.0] AndroidManifest.xml:20:5-44
MERGED from [com.android.support:cursoradapter:28.0.0] AndroidManifest.xml:20:5-44
MERGED from [com.android.support:cardview-v7:28.0.0] AndroidManifest.xml:20:5-44
MERGED from [com.android.support:cardview-v7:28.0.0] AndroidManifest.xml:20:5-44
MERGED from [com.twofortyfouram:android-spackle:2.0.3] AndroidManifest.xml:8:5-10:41
MERGED from [com.twofortyfouram:android-spackle:2.0.3] AndroidManifest.xml:8:5-10:41
MERGED from [com.twofortyfouram:android-assertion:1.2.0] AndroidManifest.xml:22:5-24:41
MERGED from [com.twofortyfouram:android-assertion:1.2.0] AndroidManifest.xml:22:5-24:41
MERGED from [com.twofortyfouram:android-plugin-api-for-locale:1.0.4] AndroidManifest.xml:8:5-10:41
MERGED from [com.twofortyfouram:android-plugin-api-for-locale:1.0.4] AndroidManifest.xml:8:5-10:41
MERGED from [android.arch.lifecycle:runtime:1.1.1] AndroidManifest.xml:20:5-44
MERGED from [android.arch.lifecycle:runtime:1.1.1] AndroidManifest.xml:20:5-44
MERGED from [com.android.support:documentfile:28.0.0] AndroidManifest.xml:20:5-44
MERGED from [com.android.support:documentfile:28.0.0] AndroidManifest.xml:20:5-44
MERGED from [com.android.support:localbroadcastmanager:28.0.0] AndroidManifest.xml:20:5-44
MERGED from [com.android.support:localbroadcastmanager:28.0.0] AndroidManifest.xml:20:5-44
MERGED from [com.android.support:print:28.0.0] AndroidManifest.xml:20:5-44
MERGED from [com.android.support:print:28.0.0] AndroidManifest.xml:20:5-44
MERGED from [android.arch.lifecycle:viewmodel:1.1.1] AndroidManifest.xml:20:5-44
MERGED from [android.arch.lifecycle:viewmodel:1.1.1] AndroidManifest.xml:20:5-44
MERGED from [com.android.support:interpolator:28.0.0] AndroidManifest.xml:20:5-44
MERGED from [com.android.support:interpolator:28.0.0] AndroidManifest.xml:20:5-44
MERGED from [android.arch.lifecycle:livedata:1.1.1] AndroidManifest.xml:20:5-44
MERGED from [android.arch.lifecycle:livedata:1.1.1] AndroidManifest.xml:20:5-44
MERGED from [android.arch.lifecycle:livedata-core:1.1.1] AndroidManifest.xml:20:5-44
MERGED from [android.arch.lifecycle:livedata-core:1.1.1] AndroidManifest.xml:20:5-44
MERGED from [android.arch.core:runtime:1.1.1] AndroidManifest.xml:20:5-44
MERGED from [android.arch.core:runtime:1.1.1] AndroidManifest.xml:20:5-44
MERGED from [com.twofortyfouram:android-annotation:2.0.1] AndroidManifest.xml:8:5-10:41
MERGED from [com.twofortyfouram:android-annotation:2.0.1] AndroidManifest.xml:8:5-10:41
INJECTED from src\main\AndroidManifest.xml
INJECTED from src\main\AndroidManifest.xml
	tools:overrideLibrary
		ADDED from [com.twofortyfouram:android-plugin-client-sdk-for-locale:4.0.3] AndroidManifest.xml:10:9-264
	android:targetSdkVersion
		INJECTED from src\main\AndroidManifest.xml
		ADDED from src\main\AndroidManifest.xml
		INJECTED from src\main\AndroidManifest.xml
	android:minSdkVersion
		INJECTED from src\main\AndroidManifest.xml
		ADDED from src\main\AndroidManifest.xml
		INJECTED from src\main\AndroidManifest.xml
uses-permission#android.permission.RECEIVE_BOOT_COMPLETED
ADDED from [:lc] AndroidManifest.xml:11:5-81
	android:name
		ADDED from [:lc] AndroidManifest.xml:11:22-78
uses-permission#com.android.launcher.permission.READ_SETTINGS
ADDED from [:lc] AndroidManifest.xml:15:5-85
	android:name
		ADDED from [:lc] AndroidManifest.xml:15:22-82
uses-permission#android.permission.ACCESS_COARSE_LOCATION
ADDED from [:lc] AndroidManifest.xml:16:5-17:23
	android:name
		ADDED from [:lc] AndroidManifest.xml:16:22-78
service#com.pandroid.lc.capture
ADDED from [:lc] AndroidManifest.xml:23:9-26:39
	android:enabled
		ADDED from [:lc] AndroidManifest.xml:25:13-35
	android:exported
		ADDED from [:lc] AndroidManifest.xml:26:13-36
	android:name
		ADDED from [:lc] AndroidManifest.xml:24:13-51
receiver#com.pandroid.lc.LcReceiver
ADDED from [:lc] AndroidManifest.xml:28:9-33:20
	android:name
		ADDED from [:lc] AndroidManifest.xml:28:19-60
intent-filter#action:name:ELITOR_CLOCK+action:name:android.intent.action.BOOT_COMPLETED
ADDED from [:lc] AndroidManifest.xml:29:13-32:29
action#ELITOR_CLOCK
ADDED from [:lc] AndroidManifest.xml:30:17-55
	android:name
		ADDED from [:lc] AndroidManifest.xml:30:25-52
action#android.intent.action.BOOT_COMPLETED
ADDED from [:lc] AndroidManifest.xml:31:17-79
	android:name
		ADDED from [:lc] AndroidManifest.xml:31:25-76
activity#com.pandroid.lc.MainActivity
ADDED from [:lc] AndroidManifest.xml:35:9-43:20
	android:name
		ADDED from [:lc] AndroidManifest.xml:35:19-62
activity#com.pandroid.spreadtrum.MainActivity
ADDED from [:spreadtrum] AndroidManifest.xml:15:9-24:20
	android:label
		ADDED from [:spreadtrum] AndroidManifest.xml:17:13-33
	android:name
		ADDED from [:spreadtrum] AndroidManifest.xml:16:13-64